2024-07-20T11:50:33.641+02:00  INFO 20500 --- [restartedMain] com.bree.orion.OrionRentalApplication    : Starting OrionRentalApplication using Java 20.0.2 with PID 20500 (C:\Users\Shpat\Desktop\orion-api\target\classes started by Shpat in C:\Users\Shpat\Desktop\orion-api)
2024-07-20T11:50:33.642+02:00  INFO 20500 --- [restartedMain] com.bree.orion.OrionRentalApplication    : No active profile set, falling back to 1 default profile: "default"
2024-07-20T11:50:33.670+02:00  INFO 20500 --- [restartedMain] .e.DevToolsPropertyDefaultsPostProcessor : Devtools property defaults active! Set 'spring.devtools.add-properties' to 'false' to disable
2024-07-20T11:50:33.676+02:00  INFO 20500 --- [restartedMain] .e.DevToolsPropertyDefaultsPostProcessor : For additional web related logging consider setting the 'logging.level.web' property to 'DEBUG'
2024-07-20T11:50:34.291+02:00  INFO 20500 --- [restartedMain] .s.d.r.c.RepositoryConfigurationDelegate : Bootstrapping Spring Data JPA repositories in DEFAULT mode.
2024-07-20T11:50:34.324+02:00  INFO 20500 --- [restartedMain] .s.d.r.c.RepositoryConfigurationDelegate : Finished Spring Data repository scanning in 28 ms. Found 2 JPA repository interfaces.
2024-07-20T11:50:34.749+02:00  INFO 20500 --- [restartedMain] o.s.b.w.embedded.tomcat.TomcatWebServer  : Tomcat initialized with port 8080 (http)
2024-07-20T11:50:34.759+02:00  INFO 20500 --- [restartedMain] o.apache.catalina.core.StandardService   : Starting service [Tomcat]
2024-07-20T11:50:34.760+02:00  INFO 20500 --- [restartedMain] o.apache.catalina.core.StandardEngine    : Starting Servlet engine: [Apache Tomcat/10.1.24]
2024-07-20T11:50:34.785+02:00  INFO 20500 --- [restartedMain] o.a.c.c.C.[Tomcat].[localhost].[/]       : Initializing Spring embedded WebApplicationContext
2024-07-20T11:50:34.786+02:00  INFO 20500 --- [restartedMain] w.s.c.ServletWebServerApplicationContext : Root WebApplicationContext: initialization completed in 1109 ms
2024-07-20T11:50:35.093+02:00  INFO 20500 --- [restartedMain] org.flywaydb.core.FlywayExecutor         : Database: jdbc:mysql://localhost:3306/bree (MySQL 8.0)
2024-07-20T11:50:35.123+02:00  INFO 20500 --- [restartedMain] o.f.core.internal.command.DbValidate     : Successfully validated 1 migration (execution time 00:00.019s)
2024-07-20T11:50:35.132+02:00  INFO 20500 --- [restartedMain] o.f.core.internal.command.DbMigrate      : Current version of schema `bree`: 1
2024-07-20T11:50:35.132+02:00  WARN 20500 --- [restartedMain] o.f.core.internal.command.DbMigrate      : outOfOrder mode is active. Migration of schema `bree` may not be reproducible.
2024-07-20T11:50:35.133+02:00  INFO 20500 --- [restartedMain] o.f.core.internal.command.DbMigrate      : Schema `bree` is up to date. No migration necessary.
2024-07-20T11:50:35.178+02:00  INFO 20500 --- [restartedMain] o.hibernate.jpa.internal.util.LogHelper  : HHH000204: Processing PersistenceUnitInfo [name: default]
2024-07-20T11:50:35.205+02:00  INFO 20500 --- [restartedMain] org.hibernate.Version                    : HHH000412: Hibernate ORM core version 6.5.2.Final
2024-07-20T11:50:35.224+02:00  INFO 20500 --- [restartedMain] o.h.c.internal.RegionFactoryInitiator    : HHH000026: Second-level cache disabled
2024-07-20T11:50:35.390+02:00  INFO 20500 --- [restartedMain] o.s.o.j.p.SpringPersistenceUnitInfo      : No LoadTimeWeaver setup: ignoring JPA class transformer
2024-07-20T11:50:35.406+02:00  INFO 20500 --- [restartedMain] com.zaxxer.hikari.HikariDataSource       : HikariPool-1 - Starting...
2024-07-20T11:50:35.420+02:00  INFO 20500 --- [restartedMain] com.zaxxer.hikari.pool.HikariPool        : HikariPool-1 - Added connection com.mysql.cj.jdbc.ConnectionImpl@7ab82171
2024-07-20T11:50:35.422+02:00  INFO 20500 --- [restartedMain] com.zaxxer.hikari.HikariDataSource       : HikariPool-1 - Start completed.
2024-07-20T11:50:35.440+02:00  WARN 20500 --- [restartedMain] org.hibernate.orm.deprecation            : HHH90000025: MySQLDialect does not need to be specified explicitly using 'hibernate.dialect' (remove the property setting and it will be selected by default)
2024-07-20T11:50:36.005+02:00  INFO 20500 --- [restartedMain] o.h.e.t.j.p.i.JtaPlatformInitiator       : HHH000489: No JTA platform available (set 'hibernate.transaction.jta.platform' to enable JTA platform integration)
2024-07-20T11:50:36.035+02:00  INFO 20500 --- [restartedMain] j.LocalContainerEntityManagerFactoryBean : Initialized JPA EntityManagerFactory for persistence unit 'default'
2024-07-20T11:50:36.226+02:00  INFO 20500 --- [restartedMain] o.s.d.j.r.query.QueryEnhancerFactory     : Hibernate is in classpath; If applicable, HQL parser will be used.
2024-07-20T11:50:37.367+02:00  INFO 20500 --- [restartedMain] eAuthenticationProviderManagerConfigurer : Global AuthenticationManager configured with AuthenticationProvider bean with name authenticationProvider
2024-07-20T11:50:37.367+02:00  WARN 20500 --- [restartedMain] r$InitializeUserDetailsManagerConfigurer : Global AuthenticationManager configured with an AuthenticationProvider bean. UserDetailsService beans will not be used for username/password login. Consider removing the AuthenticationProvider bean. Alternatively, consider using the UserDetailsService in a manually instantiated DaoAuthenticationProvider.
2024-07-20T11:50:37.816+02:00  INFO 20500 --- [restartedMain] o.s.s.web.DefaultSecurityFilterChain     : Will secure any request with [org.springframework.security.web.session.DisableEncodeUrlFilter@24019cc8, org.springframework.security.web.context.request.async.WebAsyncManagerIntegrationFilter@47146118, org.springframework.security.web.context.SecurityContextHolderFilter@4a7b4dc, org.springframework.security.web.header.HeaderWriterFilter@5d388144, org.springframework.web.filter.CorsFilter@263973dd, org.springframework.security.web.authentication.logout.LogoutFilter@51842a7e, org.springframework.security.oauth2.client.web.OAuth2AuthorizationRequestRedirectFilter@2c627542, org.springframework.security.oauth2.client.web.OAuth2LoginAuthenticationFilter@2448e7cf, com.bree.orion.security.config.JwtAuthenticationFilter@a89ae2a, org.springframework.security.web.savedrequest.RequestCacheAwareFilter@28dcd18e, org.springframework.security.web.servletapi.SecurityContextHolderAwareRequestFilter@5ecf9af6, org.springframework.security.web.authentication.AnonymousAuthenticationFilter@51a1cf31, org.springframework.security.web.session.SessionManagementFilter@35727f38, org.springframework.security.web.access.ExceptionTranslationFilter@69f5e1a5, org.springframework.security.web.access.intercept.AuthorizationFilter@4f67b9c3]
2024-07-20T11:50:37.825+02:00  WARN 20500 --- [restartedMain] o.s.s.c.a.web.builders.WebSecurity       : You are asking Spring Security to ignore Mvc [pattern='/api/v1/auth/**']. This is not recommended -- please use permitAll via HttpSecurity#authorizeHttpRequests instead.
2024-07-20T11:50:37.826+02:00  INFO 20500 --- [restartedMain] o.s.s.web.DefaultSecurityFilterChain     : Will not secure Mvc [pattern='/api/v1/auth/**']
2024-07-20T11:50:37.827+02:00  WARN 20500 --- [restartedMain] o.s.s.c.a.web.builders.WebSecurity       : You are asking Spring Security to ignore Mvc [pattern='/v2/api-docs']. This is not recommended -- please use permitAll via HttpSecurity#authorizeHttpRequests instead.
2024-07-20T11:50:37.827+02:00  INFO 20500 --- [restartedMain] o.s.s.web.DefaultSecurityFilterChain     : Will not secure Mvc [pattern='/v2/api-docs']
2024-07-20T11:50:37.827+02:00  WARN 20500 --- [restartedMain] o.s.s.c.a.web.builders.WebSecurity       : You are asking Spring Security to ignore Mvc [pattern='/v3/api-docs']. This is not recommended -- please use permitAll via HttpSecurity#authorizeHttpRequests instead.
2024-07-20T11:50:37.827+02:00  INFO 20500 --- [restartedMain] o.s.s.web.DefaultSecurityFilterChain     : Will not secure Mvc [pattern='/v3/api-docs']
2024-07-20T11:50:37.827+02:00  WARN 20500 --- [restartedMain] o.s.s.c.a.web.builders.WebSecurity       : You are asking Spring Security to ignore Mvc [pattern='/v3/api-docs/**']. This is not recommended -- please use permitAll via HttpSecurity#authorizeHttpRequests instead.
2024-07-20T11:50:37.827+02:00  INFO 20500 --- [restartedMain] o.s.s.web.DefaultSecurityFilterChain     : Will not secure Mvc [pattern='/v3/api-docs/**']
2024-07-20T11:50:37.827+02:00  WARN 20500 --- [restartedMain] o.s.s.c.a.web.builders.WebSecurity       : You are asking Spring Security to ignore Mvc [pattern='/swagger-resources']. This is not recommended -- please use permitAll via HttpSecurity#authorizeHttpRequests instead.
2024-07-20T11:50:37.827+02:00  INFO 20500 --- [restartedMain] o.s.s.web.DefaultSecurityFilterChain     : Will not secure Mvc [pattern='/swagger-resources']
2024-07-20T11:50:37.827+02:00  WARN 20500 --- [restartedMain] o.s.s.c.a.web.builders.WebSecurity       : You are asking Spring Security to ignore Mvc [pattern='/swagger-resources/**']. This is not recommended -- please use permitAll via HttpSecurity#authorizeHttpRequests instead.
2024-07-20T11:50:37.827+02:00  INFO 20500 --- [restartedMain] o.s.s.web.DefaultSecurityFilterChain     : Will not secure Mvc [pattern='/swagger-resources/**']
2024-07-20T11:50:37.827+02:00  WARN 20500 --- [restartedMain] o.s.s.c.a.web.builders.WebSecurity       : You are asking Spring Security to ignore Mvc [pattern='/configuration/ui']. This is not recommended -- please use permitAll via HttpSecurity#authorizeHttpRequests instead.
2024-07-20T11:50:37.827+02:00  INFO 20500 --- [restartedMain] o.s.s.web.DefaultSecurityFilterChain     : Will not secure Mvc [pattern='/configuration/ui']
2024-07-20T11:50:37.827+02:00  WARN 20500 --- [restartedMain] o.s.s.c.a.web.builders.WebSecurity       : You are asking Spring Security to ignore Mvc [pattern='/configuration/security']. This is not recommended -- please use permitAll via HttpSecurity#authorizeHttpRequests instead.
2024-07-20T11:50:37.827+02:00  INFO 20500 --- [restartedMain] o.s.s.web.DefaultSecurityFilterChain     : Will not secure Mvc [pattern='/configuration/security']
2024-07-20T11:50:37.827+02:00  WARN 20500 --- [restartedMain] o.s.s.c.a.web.builders.WebSecurity       : You are asking Spring Security to ignore Mvc [pattern='/swagger-ui/**']. This is not recommended -- please use permitAll via HttpSecurity#authorizeHttpRequests instead.
2024-07-20T11:50:37.827+02:00  INFO 20500 --- [restartedMain] o.s.s.web.DefaultSecurityFilterChain     : Will not secure Mvc [pattern='/swagger-ui/**']
2024-07-20T11:50:37.827+02:00  WARN 20500 --- [restartedMain] o.s.s.c.a.web.builders.WebSecurity       : You are asking Spring Security to ignore Mvc [pattern='/webjars/**']. This is not recommended -- please use permitAll via HttpSecurity#authorizeHttpRequests instead.
2024-07-20T11:50:37.827+02:00  INFO 20500 --- [restartedMain] o.s.s.web.DefaultSecurityFilterChain     : Will not secure Mvc [pattern='/webjars/**']
2024-07-20T11:50:37.827+02:00  WARN 20500 --- [restartedMain] o.s.s.c.a.web.builders.WebSecurity       : You are asking Spring Security to ignore Mvc [pattern='/swagger-ui.html']. This is not recommended -- please use permitAll via HttpSecurity#authorizeHttpRequests instead.
2024-07-20T11:50:37.827+02:00  INFO 20500 --- [restartedMain] o.s.s.web.DefaultSecurityFilterChain     : Will not secure Mvc [pattern='/swagger-ui.html']
2024-07-20T11:50:38.191+02:00  INFO 20500 --- [restartedMain] o.s.b.d.a.OptionalLiveReloadServer       : LiveReload server is running on port 35729
2024-07-20T11:50:38.228+02:00  INFO 20500 --- [restartedMain] o.s.b.w.embedded.tomcat.TomcatWebServer  : Tomcat started on port 8080 (http) with context path '/'
2024-07-20T11:50:38.237+02:00  INFO 20500 --- [restartedMain] com.bree.orion.OrionRentalApplication    : Started OrionRentalApplication in 4.846 seconds (process running for 5.451)
2024-07-20T11:50:42.673+02:00  INFO 20500 --- [File Watcher] rtingClassPathChangeChangedEventListener : Restarting due to 1 class path change (0 additions, 0 deletions, 1 modification)
2024-07-20T11:50:42.688+02:00  INFO 20500 --- [Thread-5] j.LocalContainerEntityManagerFactoryBean : Closing JPA EntityManagerFactory for persistence unit 'default'
2024-07-20T11:50:42.693+02:00  INFO 20500 --- [Thread-5] com.zaxxer.hikari.HikariDataSource       : HikariPool-1 - Shutdown initiated...
2024-07-20T11:50:42.700+02:00  INFO 20500 --- [Thread-5] com.zaxxer.hikari.HikariDataSource       : HikariPool-1 - Shutdown completed.
2024-07-20T11:50:42.765+02:00  INFO 20500 --- [restartedMain] com.bree.orion.OrionRentalApplication    : Starting OrionRentalApplication using Java 20.0.2 with PID 20500 (C:\Users\Shpat\Desktop\orion-api\target\classes started by Shpat in C:\Users\Shpat\Desktop\orion-api)
2024-07-20T11:50:42.765+02:00  INFO 20500 --- [restartedMain] com.bree.orion.OrionRentalApplication    : No active profile set, falling back to 1 default profile: "default"
2024-07-20T11:50:42.919+02:00  INFO 20500 --- [restartedMain] .s.d.r.c.RepositoryConfigurationDelegate : Bootstrapping Spring Data JPA repositories in DEFAULT mode.
2024-07-20T11:50:42.927+02:00  INFO 20500 --- [restartedMain] .s.d.r.c.RepositoryConfigurationDelegate : Finished Spring Data repository scanning in 7 ms. Found 2 JPA repository interfaces.
2024-07-20T11:50:43.032+02:00  INFO 20500 --- [restartedMain] o.s.b.w.embedded.tomcat.TomcatWebServer  : Tomcat initialized with port 8080 (http)
2024-07-20T11:50:43.033+02:00  INFO 20500 --- [restartedMain] o.apache.catalina.core.StandardService   : Starting service [Tomcat]
2024-07-20T11:50:43.034+02:00  INFO 20500 --- [restartedMain] o.apache.catalina.core.StandardEngine    : Starting Servlet engine: [Apache Tomcat/10.1.24]
2024-07-20T11:50:43.050+02:00  INFO 20500 --- [restartedMain] o.a.c.c.C.[Tomcat].[localhost].[/]       : Initializing Spring embedded WebApplicationContext
2024-07-20T11:50:43.050+02:00  INFO 20500 --- [restartedMain] w.s.c.ServletWebServerApplicationContext : Root WebApplicationContext: initialization completed in 284 ms
2024-07-20T11:50:43.094+02:00  INFO 20500 --- [restartedMain] org.flywaydb.core.FlywayExecutor         : Database: jdbc:mysql://localhost:3306/bree (MySQL 8.0)
2024-07-20T11:50:43.100+02:00  INFO 20500 --- [restartedMain] o.f.core.internal.command.DbValidate     : Successfully validated 1 migration (execution time 00:00.003s)
2024-07-20T11:50:43.105+02:00  INFO 20500 --- [restartedMain] o.f.core.internal.command.DbMigrate      : Current version of schema `bree`: 1
2024-07-20T11:50:43.105+02:00  WARN 20500 --- [restartedMain] o.f.core.internal.command.DbMigrate      : outOfOrder mode is active. Migration of schema `bree` may not be reproducible.
2024-07-20T11:50:43.105+02:00  INFO 20500 --- [restartedMain] o.f.core.internal.command.DbMigrate      : Schema `bree` is up to date. No migration necessary.
2024-07-20T11:50:43.118+02:00  INFO 20500 --- [restartedMain] o.hibernate.jpa.internal.util.LogHelper  : HHH000204: Processing PersistenceUnitInfo [name: default]
2024-07-20T11:50:43.119+02:00  INFO 20500 --- [restartedMain] o.h.c.internal.RegionFactoryInitiator    : HHH000026: Second-level cache disabled
2024-07-20T11:50:43.124+02:00  INFO 20500 --- [restartedMain] o.s.o.j.p.SpringPersistenceUnitInfo      : No LoadTimeWeaver setup: ignoring JPA class transformer
2024-07-20T11:50:43.124+02:00  INFO 20500 --- [restartedMain] com.zaxxer.hikari.HikariDataSource       : HikariPool-2 - Starting...
2024-07-20T11:50:43.130+02:00  INFO 20500 --- [restartedMain] com.zaxxer.hikari.pool.HikariPool        : HikariPool-2 - Added connection com.mysql.cj.jdbc.ConnectionImpl@a65e63e
2024-07-20T11:50:43.131+02:00  INFO 20500 --- [restartedMain] com.zaxxer.hikari.HikariDataSource       : HikariPool-2 - Start completed.
2024-07-20T11:50:43.132+02:00  WARN 20500 --- [restartedMain] org.hibernate.orm.deprecation            : HHH90000025: MySQLDialect does not need to be specified explicitly using 'hibernate.dialect' (remove the property setting and it will be selected by default)
2024-07-20T11:50:43.179+02:00  INFO 20500 --- [restartedMain] o.h.e.t.j.p.i.JtaPlatformInitiator       : HHH000489: No JTA platform available (set 'hibernate.transaction.jta.platform' to enable JTA platform integration)
2024-07-20T11:50:43.187+02:00  INFO 20500 --- [restartedMain] j.LocalContainerEntityManagerFactoryBean : Initialized JPA EntityManagerFactory for persistence unit 'default'
2024-07-20T11:50:43.296+02:00  INFO 20500 --- [restartedMain] eAuthenticationProviderManagerConfigurer : Global AuthenticationManager configured with AuthenticationProvider bean with name authenticationProvider
2024-07-20T11:50:43.296+02:00  WARN 20500 --- [restartedMain] r$InitializeUserDetailsManagerConfigurer : Global AuthenticationManager configured with an AuthenticationProvider bean. UserDetailsService beans will not be used for username/password login. Consider removing the AuthenticationProvider bean. Alternatively, consider using the UserDetailsService in a manually instantiated DaoAuthenticationProvider.
2024-07-20T11:50:43.407+02:00  INFO 20500 --- [restartedMain] o.s.s.web.DefaultSecurityFilterChain     : Will secure any request with [org.springframework.security.web.session.DisableEncodeUrlFilter@92f77ce, org.springframework.security.web.context.request.async.WebAsyncManagerIntegrationFilter@143d12fb, org.springframework.security.web.context.SecurityContextHolderFilter@10a1e148, org.springframework.security.web.header.HeaderWriterFilter@6c4f75fc, org.springframework.web.filter.CorsFilter@1da87858, org.springframework.security.web.authentication.logout.LogoutFilter@10d9bf31, org.springframework.security.oauth2.client.web.OAuth2AuthorizationRequestRedirectFilter@5ebae4c0, org.springframework.security.oauth2.client.web.OAuth2LoginAuthenticationFilter@347e811, com.bree.orion.security.config.JwtAuthenticationFilter@4039e370, org.springframework.security.web.savedrequest.RequestCacheAwareFilter@3dd8cede, org.springframework.security.web.servletapi.SecurityContextHolderAwareRequestFilter@2a2fbc0c, org.springframework.security.web.authentication.AnonymousAuthenticationFilter@21930c9c, org.springframework.security.web.session.SessionManagementFilter@1bb7da16, org.springframework.security.web.access.ExceptionTranslationFilter@705ba1fb, org.springframework.security.web.access.intercept.AuthorizationFilter@3c14236b]
2024-07-20T11:50:43.410+02:00  WARN 20500 --- [restartedMain] o.s.s.c.a.web.builders.WebSecurity       : You are asking Spring Security to ignore Mvc [pattern='/api/v1/auth/**']. This is not recommended -- please use permitAll via HttpSecurity#authorizeHttpRequests instead.
2024-07-20T11:50:43.410+02:00  INFO 20500 --- [restartedMain] o.s.s.web.DefaultSecurityFilterChain     : Will not secure Mvc [pattern='/api/v1/auth/**']
2024-07-20T11:50:43.410+02:00  WARN 20500 --- [restartedMain] o.s.s.c.a.web.builders.WebSecurity       : You are asking Spring Security to ignore Mvc [pattern='/v2/api-docs']. This is not recommended -- please use permitAll via HttpSecurity#authorizeHttpRequests instead.
2024-07-20T11:50:43.410+02:00  INFO 20500 --- [restartedMain] o.s.s.web.DefaultSecurityFilterChain     : Will not secure Mvc [pattern='/v2/api-docs']
2024-07-20T11:50:43.410+02:00  WARN 20500 --- [restartedMain] o.s.s.c.a.web.builders.WebSecurity       : You are asking Spring Security to ignore Mvc [pattern='/v3/api-docs']. This is not recommended -- please use permitAll via HttpSecurity#authorizeHttpRequests instead.
2024-07-20T11:50:43.410+02:00  INFO 20500 --- [restartedMain] o.s.s.web.DefaultSecurityFilterChain     : Will not secure Mvc [pattern='/v3/api-docs']
2024-07-20T11:50:43.410+02:00  WARN 20500 --- [restartedMain] o.s.s.c.a.web.builders.WebSecurity       : You are asking Spring Security to ignore Mvc [pattern='/v3/api-docs/**']. This is not recommended -- please use permitAll via HttpSecurity#authorizeHttpRequests instead.
2024-07-20T11:50:43.410+02:00  INFO 20500 --- [restartedMain] o.s.s.web.DefaultSecurityFilterChain     : Will not secure Mvc [pattern='/v3/api-docs/**']
2024-07-20T11:50:43.410+02:00  WARN 20500 --- [restartedMain] o.s.s.c.a.web.builders.WebSecurity       : You are asking Spring Security to ignore Mvc [pattern='/swagger-resources']. This is not recommended -- please use permitAll via HttpSecurity#authorizeHttpRequests instead.
2024-07-20T11:50:43.410+02:00  INFO 20500 --- [restartedMain] o.s.s.web.DefaultSecurityFilterChain     : Will not secure Mvc [pattern='/swagger-resources']
2024-07-20T11:50:43.410+02:00  WARN 20500 --- [restartedMain] o.s.s.c.a.web.builders.WebSecurity       : You are asking Spring Security to ignore Mvc [pattern='/swagger-resources/**']. This is not recommended -- please use permitAll via HttpSecurity#authorizeHttpRequests instead.
2024-07-20T11:50:43.410+02:00  INFO 20500 --- [restartedMain] o.s.s.web.DefaultSecurityFilterChain     : Will not secure Mvc [pattern='/swagger-resources/**']
2024-07-20T11:50:43.410+02:00  WARN 20500 --- [restartedMain] o.s.s.c.a.web.builders.WebSecurity       : You are asking Spring Security to ignore Mvc [pattern='/configuration/ui']. This is not recommended -- please use permitAll via HttpSecurity#authorizeHttpRequests instead.
2024-07-20T11:50:43.411+02:00  INFO 20500 --- [restartedMain] o.s.s.web.DefaultSecurityFilterChain     : Will not secure Mvc [pattern='/configuration/ui']
2024-07-20T11:50:43.411+02:00  WARN 20500 --- [restartedMain] o.s.s.c.a.web.builders.WebSecurity       : You are asking Spring Security to ignore Mvc [pattern='/configuration/security']. This is not recommended -- please use permitAll via HttpSecurity#authorizeHttpRequests instead.
2024-07-20T11:50:43.411+02:00  INFO 20500 --- [restartedMain] o.s.s.web.DefaultSecurityFilterChain     : Will not secure Mvc [pattern='/configuration/security']
2024-07-20T11:50:43.411+02:00  WARN 20500 --- [restartedMain] o.s.s.c.a.web.builders.WebSecurity       : You are asking Spring Security to ignore Mvc [pattern='/swagger-ui/**']. This is not recommended -- please use permitAll via HttpSecurity#authorizeHttpRequests instead.
2024-07-20T11:50:43.411+02:00  INFO 20500 --- [restartedMain] o.s.s.web.DefaultSecurityFilterChain     : Will not secure Mvc [pattern='/swagger-ui/**']
2024-07-20T11:50:43.411+02:00  WARN 20500 --- [restartedMain] o.s.s.c.a.web.builders.WebSecurity       : You are asking Spring Security to ignore Mvc [pattern='/webjars/**']. This is not recommended -- please use permitAll via HttpSecurity#authorizeHttpRequests instead.
2024-07-20T11:50:43.411+02:00  INFO 20500 --- [restartedMain] o.s.s.web.DefaultSecurityFilterChain     : Will not secure Mvc [pattern='/webjars/**']
2024-07-20T11:50:43.411+02:00  WARN 20500 --- [restartedMain] o.s.s.c.a.web.builders.WebSecurity       : You are asking Spring Security to ignore Mvc [pattern='/swagger-ui.html']. This is not recommended -- please use permitAll via HttpSecurity#authorizeHttpRequests instead.
2024-07-20T11:50:43.411+02:00  INFO 20500 --- [restartedMain] o.s.s.web.DefaultSecurityFilterChain     : Will not secure Mvc [pattern='/swagger-ui.html']
2024-07-20T11:50:43.500+02:00  INFO 20500 --- [restartedMain] o.s.b.d.a.OptionalLiveReloadServer       : LiveReload server is running on port 35729
2024-07-20T11:50:43.507+02:00  INFO 20500 --- [restartedMain] o.s.b.w.embedded.tomcat.TomcatWebServer  : Tomcat started on port 8080 (http) with context path '/'
2024-07-20T11:50:43.510+02:00  INFO 20500 --- [restartedMain] com.bree.orion.OrionRentalApplication    : Started OrionRentalApplication in 0.767 seconds (process running for 10.724)
2024-07-20T11:50:43.512+02:00  INFO 20500 --- [restartedMain] .ConditionEvaluationDeltaLoggingListener : Condition evaluation unchanged
2024-07-20T11:51:08.257+02:00  INFO 20500 --- [SpringApplicationShutdownHook] j.LocalContainerEntityManagerFactoryBean : Closing JPA EntityManagerFactory for persistence unit 'default'
2024-07-20T11:51:08.257+02:00  INFO 20500 --- [SpringApplicationShutdownHook] com.zaxxer.hikari.HikariDataSource       : HikariPool-2 - Shutdown initiated...
2024-07-20T11:51:08.259+02:00  INFO 20500 --- [SpringApplicationShutdownHook] com.zaxxer.hikari.HikariDataSource       : HikariPool-2 - Shutdown completed.
