2024-07-20T11:51:10.911+02:00  INFO 1672 --- [restartedMain] com.bree.orion.OrionRentalApplication    : Starting OrionRentalApplication using Java 20.0.2 with PID 1672 (C:\Users\Shpat\Desktop\orion-api\target\classes started by Shpat in C:\Users\Shpat\Desktop\orion-api)
2024-07-20T11:51:10.913+02:00  INFO 1672 --- [restartedMain] com.bree.orion.OrionRentalApplication    : No active profile set, falling back to 1 default profile: "default"
2024-07-20T11:51:10.942+02:00  INFO 1672 --- [restartedMain] .e.DevToolsPropertyDefaultsPostProcessor : Devtools property defaults active! Set 'spring.devtools.add-properties' to 'false' to disable
2024-07-20T11:51:10.948+02:00  INFO 1672 --- [restartedMain] .e.DevToolsPropertyDefaultsPostProcessor : For additional web related logging consider setting the 'logging.level.web' property to 'DEBUG'
2024-07-20T11:51:11.451+02:00  INFO 1672 --- [restartedMain] .s.d.r.c.RepositoryConfigurationDelegate : Bootstrapping Spring Data JPA repositories in DEFAULT mode.
2024-07-20T11:51:11.483+02:00  INFO 1672 --- [restartedMain] .s.d.r.c.RepositoryConfigurationDelegate : Finished Spring Data repository scanning in 27 ms. Found 2 JPA repository interfaces.
2024-07-20T11:51:11.876+02:00  INFO 1672 --- [restartedMain] o.s.b.w.embedded.tomcat.TomcatWebServer  : Tomcat initialized with port 8080 (http)
2024-07-20T11:51:11.887+02:00  INFO 1672 --- [restartedMain] o.apache.catalina.core.StandardService   : Starting service [Tomcat]
2024-07-20T11:51:11.888+02:00  INFO 1672 --- [restartedMain] o.apache.catalina.core.StandardEngine    : Starting Servlet engine: [Apache Tomcat/10.1.24]
2024-07-20T11:51:11.919+02:00  INFO 1672 --- [restartedMain] o.a.c.c.C.[Tomcat].[localhost].[/]       : Initializing Spring embedded WebApplicationContext
2024-07-20T11:51:11.920+02:00  INFO 1672 --- [restartedMain] w.s.c.ServletWebServerApplicationContext : Root WebApplicationContext: initialization completed in 972 ms
2024-07-20T11:51:12.230+02:00  INFO 1672 --- [restartedMain] org.flywaydb.core.FlywayExecutor         : Database: jdbc:mysql://localhost:3306/bree (MySQL 8.0)
2024-07-20T11:51:12.258+02:00  INFO 1672 --- [restartedMain] o.f.core.internal.command.DbValidate     : Successfully validated 1 migration (execution time 00:00.016s)
2024-07-20T11:51:12.267+02:00  INFO 1672 --- [restartedMain] o.f.core.internal.command.DbMigrate      : Current version of schema `bree`: 1
2024-07-20T11:51:12.267+02:00  WARN 1672 --- [restartedMain] o.f.core.internal.command.DbMigrate      : outOfOrder mode is active. Migration of schema `bree` may not be reproducible.
2024-07-20T11:51:12.269+02:00  INFO 1672 --- [restartedMain] o.f.core.internal.command.DbMigrate      : Schema `bree` is up to date. No migration necessary.
2024-07-20T11:51:12.320+02:00  INFO 1672 --- [restartedMain] o.hibernate.jpa.internal.util.LogHelper  : HHH000204: Processing PersistenceUnitInfo [name: default]
2024-07-20T11:51:12.352+02:00  INFO 1672 --- [restartedMain] org.hibernate.Version                    : HHH000412: Hibernate ORM core version 6.5.2.Final
2024-07-20T11:51:12.371+02:00  INFO 1672 --- [restartedMain] o.h.c.internal.RegionFactoryInitiator    : HHH000026: Second-level cache disabled
2024-07-20T11:51:12.534+02:00  INFO 1672 --- [restartedMain] o.s.o.j.p.SpringPersistenceUnitInfo      : No LoadTimeWeaver setup: ignoring JPA class transformer
2024-07-20T11:51:12.549+02:00  INFO 1672 --- [restartedMain] com.zaxxer.hikari.HikariDataSource       : HikariPool-1 - Starting...
2024-07-20T11:51:12.563+02:00  INFO 1672 --- [restartedMain] com.zaxxer.hikari.pool.HikariPool        : HikariPool-1 - Added connection com.mysql.cj.jdbc.ConnectionImpl@69a12a05
2024-07-20T11:51:12.564+02:00  INFO 1672 --- [restartedMain] com.zaxxer.hikari.HikariDataSource       : HikariPool-1 - Start completed.
2024-07-20T11:51:12.584+02:00  WARN 1672 --- [restartedMain] org.hibernate.orm.deprecation            : HHH90000025: MySQLDialect does not need to be specified explicitly using 'hibernate.dialect' (remove the property setting and it will be selected by default)
2024-07-20T11:51:13.154+02:00  INFO 1672 --- [restartedMain] o.h.e.t.j.p.i.JtaPlatformInitiator       : HHH000489: No JTA platform available (set 'hibernate.transaction.jta.platform' to enable JTA platform integration)
2024-07-20T11:51:13.181+02:00  INFO 1672 --- [restartedMain] j.LocalContainerEntityManagerFactoryBean : Initialized JPA EntityManagerFactory for persistence unit 'default'
2024-07-20T11:51:13.350+02:00  INFO 1672 --- [restartedMain] o.s.d.j.r.query.QueryEnhancerFactory     : Hibernate is in classpath; If applicable, HQL parser will be used.
2024-07-20T11:51:14.046+02:00  INFO 1672 --- [restartedMain] eAuthenticationProviderManagerConfigurer : Global AuthenticationManager configured with AuthenticationProvider bean with name authenticationProvider
2024-07-20T11:51:14.046+02:00  WARN 1672 --- [restartedMain] r$InitializeUserDetailsManagerConfigurer : Global AuthenticationManager configured with an AuthenticationProvider bean. UserDetailsService beans will not be used for username/password login. Consider removing the AuthenticationProvider bean. Alternatively, consider using the UserDetailsService in a manually instantiated DaoAuthenticationProvider.
2024-07-20T11:51:14.478+02:00  INFO 1672 --- [restartedMain] o.s.s.web.DefaultSecurityFilterChain     : Will secure any request with [org.springframework.security.web.session.DisableEncodeUrlFilter@7c124e6c, org.springframework.security.web.context.request.async.WebAsyncManagerIntegrationFilter@64e03dbb, org.springframework.security.web.context.SecurityContextHolderFilter@4aeb5ed9, org.springframework.security.web.header.HeaderWriterFilter@199c2cbf, org.springframework.web.filter.CorsFilter@5134b3cf, org.springframework.security.web.authentication.logout.LogoutFilter@7f4ba9e3, org.springframework.security.oauth2.client.web.OAuth2AuthorizationRequestRedirectFilter@55deabf0, org.springframework.security.oauth2.client.web.OAuth2LoginAuthenticationFilter@7c9c8ec3, com.bree.orion.security.config.JwtAuthenticationFilter@6e5997e3, org.springframework.security.web.savedrequest.RequestCacheAwareFilter@21fb89f, org.springframework.security.web.servletapi.SecurityContextHolderAwareRequestFilter@13ff7afd, org.springframework.security.web.authentication.AnonymousAuthenticationFilter@33e243ee, org.springframework.security.web.session.SessionManagementFilter@1f94efff, org.springframework.security.web.access.ExceptionTranslationFilter@262a3b09, org.springframework.security.web.access.intercept.AuthorizationFilter@1ea4727]
2024-07-20T11:51:14.486+02:00  WARN 1672 --- [restartedMain] o.s.s.c.a.web.builders.WebSecurity       : You are asking Spring Security to ignore Mvc [pattern='/api/v1/auth/**']. This is not recommended -- please use permitAll via HttpSecurity#authorizeHttpRequests instead.
2024-07-20T11:51:14.486+02:00  INFO 1672 --- [restartedMain] o.s.s.web.DefaultSecurityFilterChain     : Will not secure Mvc [pattern='/api/v1/auth/**']
2024-07-20T11:51:14.487+02:00  WARN 1672 --- [restartedMain] o.s.s.c.a.web.builders.WebSecurity       : You are asking Spring Security to ignore Mvc [pattern='/v2/api-docs']. This is not recommended -- please use permitAll via HttpSecurity#authorizeHttpRequests instead.
2024-07-20T11:51:14.487+02:00  INFO 1672 --- [restartedMain] o.s.s.web.DefaultSecurityFilterChain     : Will not secure Mvc [pattern='/v2/api-docs']
2024-07-20T11:51:14.487+02:00  WARN 1672 --- [restartedMain] o.s.s.c.a.web.builders.WebSecurity       : You are asking Spring Security to ignore Mvc [pattern='/v3/api-docs']. This is not recommended -- please use permitAll via HttpSecurity#authorizeHttpRequests instead.
2024-07-20T11:51:14.487+02:00  INFO 1672 --- [restartedMain] o.s.s.web.DefaultSecurityFilterChain     : Will not secure Mvc [pattern='/v3/api-docs']
2024-07-20T11:51:14.487+02:00  WARN 1672 --- [restartedMain] o.s.s.c.a.web.builders.WebSecurity       : You are asking Spring Security to ignore Mvc [pattern='/v3/api-docs/**']. This is not recommended -- please use permitAll via HttpSecurity#authorizeHttpRequests instead.
2024-07-20T11:51:14.487+02:00  INFO 1672 --- [restartedMain] o.s.s.web.DefaultSecurityFilterChain     : Will not secure Mvc [pattern='/v3/api-docs/**']
2024-07-20T11:51:14.488+02:00  WARN 1672 --- [restartedMain] o.s.s.c.a.web.builders.WebSecurity       : You are asking Spring Security to ignore Mvc [pattern='/swagger-resources']. This is not recommended -- please use permitAll via HttpSecurity#authorizeHttpRequests instead.
2024-07-20T11:51:14.488+02:00  INFO 1672 --- [restartedMain] o.s.s.web.DefaultSecurityFilterChain     : Will not secure Mvc [pattern='/swagger-resources']
2024-07-20T11:51:14.488+02:00  WARN 1672 --- [restartedMain] o.s.s.c.a.web.builders.WebSecurity       : You are asking Spring Security to ignore Mvc [pattern='/swagger-resources/**']. This is not recommended -- please use permitAll via HttpSecurity#authorizeHttpRequests instead.
2024-07-20T11:51:14.488+02:00  INFO 1672 --- [restartedMain] o.s.s.web.DefaultSecurityFilterChain     : Will not secure Mvc [pattern='/swagger-resources/**']
2024-07-20T11:51:14.488+02:00  WARN 1672 --- [restartedMain] o.s.s.c.a.web.builders.WebSecurity       : You are asking Spring Security to ignore Mvc [pattern='/configuration/ui']. This is not recommended -- please use permitAll via HttpSecurity#authorizeHttpRequests instead.
2024-07-20T11:51:14.488+02:00  INFO 1672 --- [restartedMain] o.s.s.web.DefaultSecurityFilterChain     : Will not secure Mvc [pattern='/configuration/ui']
2024-07-20T11:51:14.488+02:00  WARN 1672 --- [restartedMain] o.s.s.c.a.web.builders.WebSecurity       : You are asking Spring Security to ignore Mvc [pattern='/configuration/security']. This is not recommended -- please use permitAll via HttpSecurity#authorizeHttpRequests instead.
2024-07-20T11:51:14.488+02:00  INFO 1672 --- [restartedMain] o.s.s.web.DefaultSecurityFilterChain     : Will not secure Mvc [pattern='/configuration/security']
2024-07-20T11:51:14.488+02:00  WARN 1672 --- [restartedMain] o.s.s.c.a.web.builders.WebSecurity       : You are asking Spring Security to ignore Mvc [pattern='/swagger-ui/**']. This is not recommended -- please use permitAll via HttpSecurity#authorizeHttpRequests instead.
2024-07-20T11:51:14.488+02:00  INFO 1672 --- [restartedMain] o.s.s.web.DefaultSecurityFilterChain     : Will not secure Mvc [pattern='/swagger-ui/**']
2024-07-20T11:51:14.488+02:00  WARN 1672 --- [restartedMain] o.s.s.c.a.web.builders.WebSecurity       : You are asking Spring Security to ignore Mvc [pattern='/webjars/**']. This is not recommended -- please use permitAll via HttpSecurity#authorizeHttpRequests instead.
2024-07-20T11:51:14.488+02:00  INFO 1672 --- [restartedMain] o.s.s.web.DefaultSecurityFilterChain     : Will not secure Mvc [pattern='/webjars/**']
2024-07-20T11:51:14.488+02:00  WARN 1672 --- [restartedMain] o.s.s.c.a.web.builders.WebSecurity       : You are asking Spring Security to ignore Mvc [pattern='/swagger-ui.html']. This is not recommended -- please use permitAll via HttpSecurity#authorizeHttpRequests instead.
2024-07-20T11:51:14.488+02:00  INFO 1672 --- [restartedMain] o.s.s.web.DefaultSecurityFilterChain     : Will not secure Mvc [pattern='/swagger-ui.html']
2024-07-20T11:51:14.882+02:00  INFO 1672 --- [restartedMain] o.s.b.d.a.OptionalLiveReloadServer       : LiveReload server is running on port 35729
2024-07-20T11:51:14.920+02:00  INFO 1672 --- [restartedMain] o.s.b.w.embedded.tomcat.TomcatWebServer  : Tomcat started on port 8080 (http) with context path '/'
2024-07-20T11:51:14.928+02:00  INFO 1672 --- [restartedMain] com.bree.orion.OrionRentalApplication    : Started OrionRentalApplication in 4.272 seconds (process running for 4.652)
2024-07-20T11:52:34.064+02:00  INFO 1672 --- [File Watcher] rtingClassPathChangeChangedEventListener : Restarting due to 1 class path change (0 additions, 0 deletions, 1 modification)
2024-07-20T11:52:34.078+02:00  INFO 1672 --- [Thread-5] j.LocalContainerEntityManagerFactoryBean : Closing JPA EntityManagerFactory for persistence unit 'default'
2024-07-20T11:52:34.082+02:00  INFO 1672 --- [Thread-5] com.zaxxer.hikari.HikariDataSource       : HikariPool-1 - Shutdown initiated...
2024-07-20T11:52:34.086+02:00  INFO 1672 --- [Thread-5] com.zaxxer.hikari.HikariDataSource       : HikariPool-1 - Shutdown completed.
2024-07-20T11:52:34.140+02:00  INFO 1672 --- [restartedMain] com.bree.orion.OrionRentalApplication    : Starting OrionRentalApplication using Java 20.0.2 with PID 1672 (C:\Users\Shpat\Desktop\orion-api\target\classes started by Shpat in C:\Users\Shpat\Desktop\orion-api)
2024-07-20T11:52:34.140+02:00  INFO 1672 --- [restartedMain] com.bree.orion.OrionRentalApplication    : No active profile set, falling back to 1 default profile: "default"
2024-07-20T11:52:34.287+02:00  INFO 1672 --- [restartedMain] .s.d.r.c.RepositoryConfigurationDelegate : Bootstrapping Spring Data JPA repositories in DEFAULT mode.
2024-07-20T11:52:34.294+02:00  INFO 1672 --- [restartedMain] .s.d.r.c.RepositoryConfigurationDelegate : Finished Spring Data repository scanning in 6 ms. Found 2 JPA repository interfaces.
2024-07-20T11:52:34.395+02:00  INFO 1672 --- [restartedMain] o.s.b.w.embedded.tomcat.TomcatWebServer  : Tomcat initialized with port 8080 (http)
2024-07-20T11:52:34.398+02:00  INFO 1672 --- [restartedMain] o.apache.catalina.core.StandardService   : Starting service [Tomcat]
2024-07-20T11:52:34.398+02:00  INFO 1672 --- [restartedMain] o.apache.catalina.core.StandardEngine    : Starting Servlet engine: [Apache Tomcat/10.1.24]
2024-07-20T11:52:34.409+02:00  INFO 1672 --- [restartedMain] o.a.c.c.C.[Tomcat].[localhost].[/]       : Initializing Spring embedded WebApplicationContext
2024-07-20T11:52:34.409+02:00  INFO 1672 --- [restartedMain] w.s.c.ServletWebServerApplicationContext : Root WebApplicationContext: initialization completed in 267 ms
2024-07-20T11:52:34.454+02:00  INFO 1672 --- [restartedMain] org.flywaydb.core.FlywayExecutor         : Database: jdbc:mysql://localhost:3306/bree (MySQL 8.0)
2024-07-20T11:52:34.460+02:00  INFO 1672 --- [restartedMain] o.f.core.internal.command.DbValidate     : Successfully validated 1 migration (execution time 00:00.003s)
2024-07-20T11:52:34.464+02:00  INFO 1672 --- [restartedMain] o.f.core.internal.command.DbMigrate      : Current version of schema `bree`: 1
2024-07-20T11:52:34.464+02:00  WARN 1672 --- [restartedMain] o.f.core.internal.command.DbMigrate      : outOfOrder mode is active. Migration of schema `bree` may not be reproducible.
2024-07-20T11:52:34.464+02:00  INFO 1672 --- [restartedMain] o.f.core.internal.command.DbMigrate      : Schema `bree` is up to date. No migration necessary.
2024-07-20T11:52:34.478+02:00  INFO 1672 --- [restartedMain] o.hibernate.jpa.internal.util.LogHelper  : HHH000204: Processing PersistenceUnitInfo [name: default]
2024-07-20T11:52:34.479+02:00  INFO 1672 --- [restartedMain] o.h.c.internal.RegionFactoryInitiator    : HHH000026: Second-level cache disabled
2024-07-20T11:52:34.486+02:00  INFO 1672 --- [restartedMain] o.s.o.j.p.SpringPersistenceUnitInfo      : No LoadTimeWeaver setup: ignoring JPA class transformer
2024-07-20T11:52:34.486+02:00  INFO 1672 --- [restartedMain] com.zaxxer.hikari.HikariDataSource       : HikariPool-2 - Starting...
2024-07-20T11:52:34.493+02:00  INFO 1672 --- [restartedMain] com.zaxxer.hikari.pool.HikariPool        : HikariPool-2 - Added connection com.mysql.cj.jdbc.ConnectionImpl@16b54d3d
2024-07-20T11:52:34.493+02:00  INFO 1672 --- [restartedMain] com.zaxxer.hikari.HikariDataSource       : HikariPool-2 - Start completed.
2024-07-20T11:52:34.494+02:00  WARN 1672 --- [restartedMain] org.hibernate.orm.deprecation            : HHH90000025: MySQLDialect does not need to be specified explicitly using 'hibernate.dialect' (remove the property setting and it will be selected by default)
2024-07-20T11:52:34.542+02:00  INFO 1672 --- [restartedMain] o.h.e.t.j.p.i.JtaPlatformInitiator       : HHH000489: No JTA platform available (set 'hibernate.transaction.jta.platform' to enable JTA platform integration)
2024-07-20T11:52:34.550+02:00  INFO 1672 --- [restartedMain] j.LocalContainerEntityManagerFactoryBean : Initialized JPA EntityManagerFactory for persistence unit 'default'
2024-07-20T11:52:34.666+02:00  INFO 1672 --- [restartedMain] eAuthenticationProviderManagerConfigurer : Global AuthenticationManager configured with AuthenticationProvider bean with name authenticationProvider
2024-07-20T11:52:34.666+02:00  WARN 1672 --- [restartedMain] r$InitializeUserDetailsManagerConfigurer : Global AuthenticationManager configured with an AuthenticationProvider bean. UserDetailsService beans will not be used for username/password login. Consider removing the AuthenticationProvider bean. Alternatively, consider using the UserDetailsService in a manually instantiated DaoAuthenticationProvider.
2024-07-20T11:52:34.779+02:00  INFO 1672 --- [restartedMain] o.s.s.web.DefaultSecurityFilterChain     : Will secure any request with [org.springframework.security.web.session.DisableEncodeUrlFilter@7ec66cea, org.springframework.security.web.context.request.async.WebAsyncManagerIntegrationFilter@6b6b677b, org.springframework.security.web.context.SecurityContextHolderFilter@39415fe4, org.springframework.security.web.header.HeaderWriterFilter@2bfae4d8, org.springframework.web.filter.CorsFilter@162683cd, org.springframework.security.web.authentication.logout.LogoutFilter@3dd9f915, org.springframework.security.oauth2.client.web.OAuth2AuthorizationRequestRedirectFilter@1b7cd992, org.springframework.security.oauth2.client.web.OAuth2LoginAuthenticationFilter@4805e3e4, com.bree.orion.security.config.JwtAuthenticationFilter@c48f7a0, org.springframework.security.web.savedrequest.RequestCacheAwareFilter@6be67a2e, org.springframework.security.web.servletapi.SecurityContextHolderAwareRequestFilter@17468fae, org.springframework.security.web.authentication.AnonymousAuthenticationFilter@71db582e, org.springframework.security.web.session.SessionManagementFilter@2bb657bd, org.springframework.security.web.access.ExceptionTranslationFilter@310c7f35, org.springframework.security.web.access.intercept.AuthorizationFilter@699f84e5]
2024-07-20T11:52:34.781+02:00  WARN 1672 --- [restartedMain] o.s.s.c.a.web.builders.WebSecurity       : You are asking Spring Security to ignore Mvc [pattern='/api/v1/auth/**']. This is not recommended -- please use permitAll via HttpSecurity#authorizeHttpRequests instead.
2024-07-20T11:52:34.782+02:00  INFO 1672 --- [restartedMain] o.s.s.web.DefaultSecurityFilterChain     : Will not secure Mvc [pattern='/api/v1/auth/**']
2024-07-20T11:52:34.782+02:00  WARN 1672 --- [restartedMain] o.s.s.c.a.web.builders.WebSecurity       : You are asking Spring Security to ignore Mvc [pattern='/v2/api-docs']. This is not recommended -- please use permitAll via HttpSecurity#authorizeHttpRequests instead.
2024-07-20T11:52:34.782+02:00  INFO 1672 --- [restartedMain] o.s.s.web.DefaultSecurityFilterChain     : Will not secure Mvc [pattern='/v2/api-docs']
2024-07-20T11:52:34.782+02:00  WARN 1672 --- [restartedMain] o.s.s.c.a.web.builders.WebSecurity       : You are asking Spring Security to ignore Mvc [pattern='/v3/api-docs']. This is not recommended -- please use permitAll via HttpSecurity#authorizeHttpRequests instead.
2024-07-20T11:52:34.782+02:00  INFO 1672 --- [restartedMain] o.s.s.web.DefaultSecurityFilterChain     : Will not secure Mvc [pattern='/v3/api-docs']
2024-07-20T11:52:34.782+02:00  WARN 1672 --- [restartedMain] o.s.s.c.a.web.builders.WebSecurity       : You are asking Spring Security to ignore Mvc [pattern='/v3/api-docs/**']. This is not recommended -- please use permitAll via HttpSecurity#authorizeHttpRequests instead.
2024-07-20T11:52:34.782+02:00  INFO 1672 --- [restartedMain] o.s.s.web.DefaultSecurityFilterChain     : Will not secure Mvc [pattern='/v3/api-docs/**']
2024-07-20T11:52:34.782+02:00  WARN 1672 --- [restartedMain] o.s.s.c.a.web.builders.WebSecurity       : You are asking Spring Security to ignore Mvc [pattern='/swagger-resources']. This is not recommended -- please use permitAll via HttpSecurity#authorizeHttpRequests instead.
2024-07-20T11:52:34.782+02:00  INFO 1672 --- [restartedMain] o.s.s.web.DefaultSecurityFilterChain     : Will not secure Mvc [pattern='/swagger-resources']
2024-07-20T11:52:34.782+02:00  WARN 1672 --- [restartedMain] o.s.s.c.a.web.builders.WebSecurity       : You are asking Spring Security to ignore Mvc [pattern='/swagger-resources/**']. This is not recommended -- please use permitAll via HttpSecurity#authorizeHttpRequests instead.
2024-07-20T11:52:34.782+02:00  INFO 1672 --- [restartedMain] o.s.s.web.DefaultSecurityFilterChain     : Will not secure Mvc [pattern='/swagger-resources/**']
2024-07-20T11:52:34.782+02:00  WARN 1672 --- [restartedMain] o.s.s.c.a.web.builders.WebSecurity       : You are asking Spring Security to ignore Mvc [pattern='/configuration/ui']. This is not recommended -- please use permitAll via HttpSecurity#authorizeHttpRequests instead.
2024-07-20T11:52:34.782+02:00  INFO 1672 --- [restartedMain] o.s.s.web.DefaultSecurityFilterChain     : Will not secure Mvc [pattern='/configuration/ui']
2024-07-20T11:52:34.782+02:00  WARN 1672 --- [restartedMain] o.s.s.c.a.web.builders.WebSecurity       : You are asking Spring Security to ignore Mvc [pattern='/configuration/security']. This is not recommended -- please use permitAll via HttpSecurity#authorizeHttpRequests instead.
2024-07-20T11:52:34.782+02:00  INFO 1672 --- [restartedMain] o.s.s.web.DefaultSecurityFilterChain     : Will not secure Mvc [pattern='/configuration/security']
2024-07-20T11:52:34.782+02:00  WARN 1672 --- [restartedMain] o.s.s.c.a.web.builders.WebSecurity       : You are asking Spring Security to ignore Mvc [pattern='/swagger-ui/**']. This is not recommended -- please use permitAll via HttpSecurity#authorizeHttpRequests instead.
2024-07-20T11:52:34.782+02:00  INFO 1672 --- [restartedMain] o.s.s.web.DefaultSecurityFilterChain     : Will not secure Mvc [pattern='/swagger-ui/**']
2024-07-20T11:52:34.782+02:00  WARN 1672 --- [restartedMain] o.s.s.c.a.web.builders.WebSecurity       : You are asking Spring Security to ignore Mvc [pattern='/webjars/**']. This is not recommended -- please use permitAll via HttpSecurity#authorizeHttpRequests instead.
2024-07-20T11:52:34.782+02:00  INFO 1672 --- [restartedMain] o.s.s.web.DefaultSecurityFilterChain     : Will not secure Mvc [pattern='/webjars/**']
2024-07-20T11:52:34.782+02:00  WARN 1672 --- [restartedMain] o.s.s.c.a.web.builders.WebSecurity       : You are asking Spring Security to ignore Mvc [pattern='/swagger-ui.html']. This is not recommended -- please use permitAll via HttpSecurity#authorizeHttpRequests instead.
2024-07-20T11:52:34.782+02:00  INFO 1672 --- [restartedMain] o.s.s.web.DefaultSecurityFilterChain     : Will not secure Mvc [pattern='/swagger-ui.html']
2024-07-20T11:52:34.879+02:00  INFO 1672 --- [restartedMain] o.s.b.d.a.OptionalLiveReloadServer       : LiveReload server is running on port 35729
2024-07-20T11:52:34.886+02:00  INFO 1672 --- [restartedMain] o.s.b.w.embedded.tomcat.TomcatWebServer  : Tomcat started on port 8080 (http) with context path '/'
2024-07-20T11:52:34.888+02:00  INFO 1672 --- [restartedMain] com.bree.orion.OrionRentalApplication    : Started OrionRentalApplication in 0.767 seconds (process running for 84.612)
2024-07-20T11:52:34.890+02:00  INFO 1672 --- [restartedMain] .ConditionEvaluationDeltaLoggingListener : Condition evaluation unchanged
2024-07-20T11:52:41.407+02:00  INFO 1672 --- [File Watcher] rtingClassPathChangeChangedEventListener : Restarting due to 1 class path change (0 additions, 0 deletions, 1 modification)
2024-07-20T11:52:41.415+02:00  INFO 1672 --- [Thread-7] j.LocalContainerEntityManagerFactoryBean : Closing JPA EntityManagerFactory for persistence unit 'default'
2024-07-20T11:52:41.415+02:00  INFO 1672 --- [Thread-7] com.zaxxer.hikari.HikariDataSource       : HikariPool-2 - Shutdown initiated...
2024-07-20T11:52:41.417+02:00  INFO 1672 --- [Thread-7] com.zaxxer.hikari.HikariDataSource       : HikariPool-2 - Shutdown completed.
2024-07-20T11:52:41.470+02:00  INFO 1672 --- [restartedMain] com.bree.orion.OrionRentalApplication    : Starting OrionRentalApplication using Java 20.0.2 with PID 1672 (C:\Users\Shpat\Desktop\orion-api\target\classes started by Shpat in C:\Users\Shpat\Desktop\orion-api)
2024-07-20T11:52:41.470+02:00  INFO 1672 --- [restartedMain] com.bree.orion.OrionRentalApplication    : No active profile set, falling back to 1 default profile: "default"
2024-07-20T11:52:41.596+02:00  INFO 1672 --- [restartedMain] .s.d.r.c.RepositoryConfigurationDelegate : Bootstrapping Spring Data JPA repositories in DEFAULT mode.
2024-07-20T11:52:41.602+02:00  INFO 1672 --- [restartedMain] .s.d.r.c.RepositoryConfigurationDelegate : Finished Spring Data repository scanning in 5 ms. Found 2 JPA repository interfaces.
2024-07-20T11:52:41.685+02:00  INFO 1672 --- [restartedMain] o.s.b.w.embedded.tomcat.TomcatWebServer  : Tomcat initialized with port 8080 (http)
2024-07-20T11:52:41.688+02:00  INFO 1672 --- [restartedMain] o.apache.catalina.core.StandardService   : Starting service [Tomcat]
2024-07-20T11:52:41.688+02:00  INFO 1672 --- [restartedMain] o.apache.catalina.core.StandardEngine    : Starting Servlet engine: [Apache Tomcat/10.1.24]
2024-07-20T11:52:41.698+02:00  INFO 1672 --- [restartedMain] o.a.c.c.C.[Tomcat].[localhost].[/]       : Initializing Spring embedded WebApplicationContext
2024-07-20T11:52:41.698+02:00  INFO 1672 --- [restartedMain] w.s.c.ServletWebServerApplicationContext : Root WebApplicationContext: initialization completed in 226 ms
2024-07-20T11:52:41.736+02:00  INFO 1672 --- [restartedMain] org.flywaydb.core.FlywayExecutor         : Database: jdbc:mysql://localhost:3306/bree (MySQL 8.0)
2024-07-20T11:52:41.742+02:00  INFO 1672 --- [restartedMain] o.f.core.internal.command.DbValidate     : Successfully validated 1 migration (execution time 00:00.003s)
2024-07-20T11:52:41.746+02:00  INFO 1672 --- [restartedMain] o.f.core.internal.command.DbMigrate      : Current version of schema `bree`: 1
2024-07-20T11:52:41.746+02:00  WARN 1672 --- [restartedMain] o.f.core.internal.command.DbMigrate      : outOfOrder mode is active. Migration of schema `bree` may not be reproducible.
2024-07-20T11:52:41.746+02:00  INFO 1672 --- [restartedMain] o.f.core.internal.command.DbMigrate      : Schema `bree` is up to date. No migration necessary.
2024-07-20T11:52:41.757+02:00  INFO 1672 --- [restartedMain] o.hibernate.jpa.internal.util.LogHelper  : HHH000204: Processing PersistenceUnitInfo [name: default]
2024-07-20T11:52:41.758+02:00  INFO 1672 --- [restartedMain] o.h.c.internal.RegionFactoryInitiator    : HHH000026: Second-level cache disabled
2024-07-20T11:52:41.762+02:00  INFO 1672 --- [restartedMain] o.s.o.j.p.SpringPersistenceUnitInfo      : No LoadTimeWeaver setup: ignoring JPA class transformer
2024-07-20T11:52:41.762+02:00  INFO 1672 --- [restartedMain] com.zaxxer.hikari.HikariDataSource       : HikariPool-3 - Starting...
2024-07-20T11:52:41.768+02:00  INFO 1672 --- [restartedMain] com.zaxxer.hikari.pool.HikariPool        : HikariPool-3 - Added connection com.mysql.cj.jdbc.ConnectionImpl@5b921796
2024-07-20T11:52:41.768+02:00  INFO 1672 --- [restartedMain] com.zaxxer.hikari.HikariDataSource       : HikariPool-3 - Start completed.
2024-07-20T11:52:41.769+02:00  WARN 1672 --- [restartedMain] org.hibernate.orm.deprecation            : HHH90000025: MySQLDialect does not need to be specified explicitly using 'hibernate.dialect' (remove the property setting and it will be selected by default)
2024-07-20T11:52:41.810+02:00  INFO 1672 --- [restartedMain] o.h.e.t.j.p.i.JtaPlatformInitiator       : HHH000489: No JTA platform available (set 'hibernate.transaction.jta.platform' to enable JTA platform integration)
2024-07-20T11:52:41.817+02:00  INFO 1672 --- [restartedMain] j.LocalContainerEntityManagerFactoryBean : Initialized JPA EntityManagerFactory for persistence unit 'default'
2024-07-20T11:52:41.918+02:00  INFO 1672 --- [restartedMain] eAuthenticationProviderManagerConfigurer : Global AuthenticationManager configured with AuthenticationProvider bean with name authenticationProvider
2024-07-20T11:52:41.918+02:00  WARN 1672 --- [restartedMain] r$InitializeUserDetailsManagerConfigurer : Global AuthenticationManager configured with an AuthenticationProvider bean. UserDetailsService beans will not be used for username/password login. Consider removing the AuthenticationProvider bean. Alternatively, consider using the UserDetailsService in a manually instantiated DaoAuthenticationProvider.
2024-07-20T11:52:42.021+02:00  INFO 1672 --- [restartedMain] o.s.s.web.DefaultSecurityFilterChain     : Will secure any request with [org.springframework.security.web.session.DisableEncodeUrlFilter@4ba90176, org.springframework.security.web.context.request.async.WebAsyncManagerIntegrationFilter@189ed2fb, org.springframework.security.web.context.SecurityContextHolderFilter@3579289b, org.springframework.security.web.header.HeaderWriterFilter@2d68337e, org.springframework.web.filter.CorsFilter@639c75de, org.springframework.security.web.authentication.logout.LogoutFilter@527517ad, org.springframework.security.oauth2.client.web.OAuth2AuthorizationRequestRedirectFilter@4f5685eb, org.springframework.security.oauth2.client.web.OAuth2LoginAuthenticationFilter@35642bd3, com.bree.orion.security.config.JwtAuthenticationFilter@8642b20, org.springframework.security.web.savedrequest.RequestCacheAwareFilter@68233d88, org.springframework.security.web.servletapi.SecurityContextHolderAwareRequestFilter@43c1031, org.springframework.security.web.authentication.AnonymousAuthenticationFilter@77b2f0cd, org.springframework.security.web.session.SessionManagementFilter@6b88355b, org.springframework.security.web.access.ExceptionTranslationFilter@4b22c4b8, org.springframework.security.web.access.intercept.AuthorizationFilter@47129ed6]
2024-07-20T11:52:42.024+02:00  WARN 1672 --- [restartedMain] o.s.s.c.a.web.builders.WebSecurity       : You are asking Spring Security to ignore Mvc [pattern='/api/v1/auth/**']. This is not recommended -- please use permitAll via HttpSecurity#authorizeHttpRequests instead.
2024-07-20T11:52:42.024+02:00  INFO 1672 --- [restartedMain] o.s.s.web.DefaultSecurityFilterChain     : Will not secure Mvc [pattern='/api/v1/auth/**']
2024-07-20T11:52:42.024+02:00  WARN 1672 --- [restartedMain] o.s.s.c.a.web.builders.WebSecurity       : You are asking Spring Security to ignore Mvc [pattern='/v2/api-docs']. This is not recommended -- please use permitAll via HttpSecurity#authorizeHttpRequests instead.
2024-07-20T11:52:42.024+02:00  INFO 1672 --- [restartedMain] o.s.s.web.DefaultSecurityFilterChain     : Will not secure Mvc [pattern='/v2/api-docs']
2024-07-20T11:52:42.024+02:00  WARN 1672 --- [restartedMain] o.s.s.c.a.web.builders.WebSecurity       : You are asking Spring Security to ignore Mvc [pattern='/v3/api-docs']. This is not recommended -- please use permitAll via HttpSecurity#authorizeHttpRequests instead.
2024-07-20T11:52:42.024+02:00  INFO 1672 --- [restartedMain] o.s.s.web.DefaultSecurityFilterChain     : Will not secure Mvc [pattern='/v3/api-docs']
2024-07-20T11:52:42.024+02:00  WARN 1672 --- [restartedMain] o.s.s.c.a.web.builders.WebSecurity       : You are asking Spring Security to ignore Mvc [pattern='/v3/api-docs/**']. This is not recommended -- please use permitAll via HttpSecurity#authorizeHttpRequests instead.
2024-07-20T11:52:42.024+02:00  INFO 1672 --- [restartedMain] o.s.s.web.DefaultSecurityFilterChain     : Will not secure Mvc [pattern='/v3/api-docs/**']
2024-07-20T11:52:42.024+02:00  WARN 1672 --- [restartedMain] o.s.s.c.a.web.builders.WebSecurity       : You are asking Spring Security to ignore Mvc [pattern='/swagger-resources']. This is not recommended -- please use permitAll via HttpSecurity#authorizeHttpRequests instead.
2024-07-20T11:52:42.024+02:00  INFO 1672 --- [restartedMain] o.s.s.web.DefaultSecurityFilterChain     : Will not secure Mvc [pattern='/swagger-resources']
2024-07-20T11:52:42.024+02:00  WARN 1672 --- [restartedMain] o.s.s.c.a.web.builders.WebSecurity       : You are asking Spring Security to ignore Mvc [pattern='/swagger-resources/**']. This is not recommended -- please use permitAll via HttpSecurity#authorizeHttpRequests instead.
2024-07-20T11:52:42.024+02:00  INFO 1672 --- [restartedMain] o.s.s.web.DefaultSecurityFilterChain     : Will not secure Mvc [pattern='/swagger-resources/**']
2024-07-20T11:52:42.024+02:00  WARN 1672 --- [restartedMain] o.s.s.c.a.web.builders.WebSecurity       : You are asking Spring Security to ignore Mvc [pattern='/configuration/ui']. This is not recommended -- please use permitAll via HttpSecurity#authorizeHttpRequests instead.
2024-07-20T11:52:42.024+02:00  INFO 1672 --- [restartedMain] o.s.s.web.DefaultSecurityFilterChain     : Will not secure Mvc [pattern='/configuration/ui']
2024-07-20T11:52:42.024+02:00  WARN 1672 --- [restartedMain] o.s.s.c.a.web.builders.WebSecurity       : You are asking Spring Security to ignore Mvc [pattern='/configuration/security']. This is not recommended -- please use permitAll via HttpSecurity#authorizeHttpRequests instead.
2024-07-20T11:52:42.024+02:00  INFO 1672 --- [restartedMain] o.s.s.web.DefaultSecurityFilterChain     : Will not secure Mvc [pattern='/configuration/security']
2024-07-20T11:52:42.024+02:00  WARN 1672 --- [restartedMain] o.s.s.c.a.web.builders.WebSecurity       : You are asking Spring Security to ignore Mvc [pattern='/swagger-ui/**']. This is not recommended -- please use permitAll via HttpSecurity#authorizeHttpRequests instead.
2024-07-20T11:52:42.024+02:00  INFO 1672 --- [restartedMain] o.s.s.web.DefaultSecurityFilterChain     : Will not secure Mvc [pattern='/swagger-ui/**']
2024-07-20T11:52:42.024+02:00  WARN 1672 --- [restartedMain] o.s.s.c.a.web.builders.WebSecurity       : You are asking Spring Security to ignore Mvc [pattern='/webjars/**']. This is not recommended -- please use permitAll via HttpSecurity#authorizeHttpRequests instead.
2024-07-20T11:52:42.024+02:00  INFO 1672 --- [restartedMain] o.s.s.web.DefaultSecurityFilterChain     : Will not secure Mvc [pattern='/webjars/**']
2024-07-20T11:52:42.024+02:00  WARN 1672 --- [restartedMain] o.s.s.c.a.web.builders.WebSecurity       : You are asking Spring Security to ignore Mvc [pattern='/swagger-ui.html']. This is not recommended -- please use permitAll via HttpSecurity#authorizeHttpRequests instead.
2024-07-20T11:52:42.024+02:00  INFO 1672 --- [restartedMain] o.s.s.web.DefaultSecurityFilterChain     : Will not secure Mvc [pattern='/swagger-ui.html']
2024-07-20T11:52:42.109+02:00  INFO 1672 --- [restartedMain] o.s.b.d.a.OptionalLiveReloadServer       : LiveReload server is running on port 35729
2024-07-20T11:52:42.115+02:00  INFO 1672 --- [restartedMain] o.s.b.w.embedded.tomcat.TomcatWebServer  : Tomcat started on port 8080 (http) with context path '/'
2024-07-20T11:52:42.118+02:00  INFO 1672 --- [restartedMain] com.bree.orion.OrionRentalApplication    : Started OrionRentalApplication in 0.663 seconds (process running for 91.841)
2024-07-20T11:52:42.118+02:00  INFO 1672 --- [restartedMain] .ConditionEvaluationDeltaLoggingListener : Condition evaluation unchanged
